[09:59:03] [ServerMain/INFO]: [bootstrap] Running Java 21 (OpenJDK 64-Bit Server VM 21.0.7+6-LTS; Eclipse Adoptium Temurin-21.0.7+6) on Linux 6.10.14-linuxkit (amd64)
[09:59:03] [ServerMain/INFO]: [bootstrap] Loading Paper 1.21.1-133-ver/1.21.1@3cb8529 (2025-03-28T16:14:36Z) for Minecraft 1.21.1
[09:59:03] [ServerMain/INFO]: [PluginInitializerManager] Initializing plugins...
[09:59:03] [ServerMain/INFO]: [PluginInitializerManager] Initialized 0 plugins
[09:59:08] [ServerMain/INFO]: Environment: Environment[sessionHost=https://sessionserver.mojang.com, servicesHost=https://api.minecraftservices.com, name=PROD]
[09:59:08] [ServerMain/INFO]: Found new data pack file/bukkit, loading it automatically
[09:59:08] [ServerMain/INFO]: Found new data pack paper, loading it automatically
[09:59:08] [ServerMain/INFO]: No existing world data, creating new world
[09:59:09] [ServerMain/INFO]: Loaded 1290 recipes
[09:59:09] [ServerMain/INFO]: Loaded 1399 advancements
[09:59:09] [Server thread/INFO]: Starting minecraft server version 1.21.1
[09:59:09] [Server thread/INFO]: Loading properties
[09:59:09] [Server thread/INFO]: This server is running Paper version 1.21.1-133-ver/1.21.1@3cb8529 (2025-03-28T16:14:36Z) (Implementing API version 1.21.1-R0.1-SNAPSHOT)
[09:59:10] [Server thread/INFO]: [spark] This server bundles the spark profiler. For more information please visit https://docs.papermc.io/paper/profiling
[09:59:10] [Server thread/INFO]: Server Ping Player Sample Count: 12
[09:59:10] [Server thread/INFO]: Using 4 threads for Netty based IO
[09:59:11] [Server thread/INFO]: [ChunkTaskScheduler] Chunk system is using 1 I/O threads, 3 worker threads, and population gen parallelism of 3 threads
[09:59:11] [Server thread/INFO]: Default game type: SURVIVAL
[09:59:11] [Server thread/INFO]: Generating keypair
[09:59:11] [Server thread/INFO]: Starting Minecraft server on *:25002
[09:59:11] [Server thread/INFO]: Using epoll channel type
[09:59:11] [Server thread/INFO]: Paper: Using libdeflate (Linux x86_64) compression from Velocity.
[09:59:11] [Server thread/INFO]: Paper: Using OpenSSL 3.x.x (Linux x86_64) cipher from Velocity.
[09:59:11] [Server thread/INFO]: Server permissions file permissions.yml is empty, ignoring it
[09:59:11] [Server thread/WARN]: **** SERVER IS RUNNING IN OFFLINE/INSECURE MODE!
[09:59:11] [Server thread/WARN]: The server will make no attempt to authenticate usernames. Beware.
[09:59:11] [Server thread/WARN]: While this makes the game possible to play without internet access, it also opens up the ability for hackers to connect with any username they choose.
[09:59:11] [Server thread/WARN]: To change this, set "online-mode" to "true" in the server.properties file.
[09:59:11] [Server thread/INFO]: Preparing level "world"
[09:59:17] [Server thread/INFO]: Preparing start region for dimension minecraft:overworld
[09:59:19] [Server thread/INFO]: Time elapsed: 2046 ms
[09:59:19] [Server thread/INFO]: Preparing start region for dimension minecraft:the_nether
[09:59:20] [Server thread/INFO]: Time elapsed: 903 ms
[09:59:20] [Server thread/INFO]: Preparing start region for dimension minecraft:the_end
[09:59:21] [Server thread/INFO]: Time elapsed: 314 ms
[09:59:21] [Server thread/INFO]: [spark] Starting background profiler...
[09:59:21] [Server thread/INFO]: Done preparing level "world" (9.851s)
[09:59:21] [Server thread/INFO]: Starting remote control listener
[09:59:21] [Server thread/INFO]: Thread RCON Listener started
[09:59:21] [Server thread/INFO]: RCON running on 0.0.0.0:25062
[09:59:21] [Server thread/INFO]: Running delayed init tasks
[09:59:21] [Server thread/INFO]: Done (19.327s)! For help, type "help"
[09:59:21] [Server thread/INFO]: Timings Reset
