[09:59:03] [ServerMain/INFO]: [bootstrap] Running Java 21 (OpenJDK 64-Bit Server VM 21.0.7+6-LTS; Eclipse Adoptium Temurin-21.0.7+6) on Linux 6.10.14-linuxkit (amd64)
[09:59:03] [ServerMain/INFO]: [bootstrap] Loading Paper 1.21.1-133-ver/1.21.1@3cb8529 (2025-03-28T16:14:36Z) for Minecraft 1.21.1
[09:59:03] [ServerMain/INFO]: [PluginInitializerManager] Initializing plugins...
[09:59:04] [ServerMain/INFO]: [PluginInitializerManager] Initialized 8 plugins
[09:59:04] [ServerMain/INFO]: [PluginInitializerManager] Bukkit plugins (8):
 - Essentials (2.21.1), EssentialsChat (2.21.1), EssentialsDiscord (2.21.1), EssentialsSpawn (2.21.1), LuckPerms (5.5.9), TAB (5.2.4), Vault (1.7.3-b131), ViaVersion (5.4.0)
[09:59:08] [ServerMain/INFO]: Environment: Environment[sessionHost=https://sessionserver.mojang.com, servicesHost=https://api.minecraftservices.com, name=PROD]
[09:59:09] [ServerMain/INFO]: Loaded 1290 recipes
[09:59:09] [ServerMain/INFO]: Loaded 1399 advancements
[09:59:10] [Server thread/INFO]: Starting minecraft server version 1.21.1
[09:59:10] [Server thread/INFO]: Loading properties
[09:59:10] [Server thread/INFO]: This server is running Paper version 1.21.1-133-ver/1.21.1@3cb8529 (2025-03-28T16:14:36Z) (Implementing API version 1.21.1-R0.1-SNAPSHOT)
[09:59:10] [Server thread/INFO]: [spark] This server bundles the spark profiler. For more information please visit https://docs.papermc.io/paper/profiling
[09:59:11] [Server thread/INFO]: Server Ping Player Sample Count: 12
[09:59:11] [Server thread/INFO]: Using 4 threads for Netty based IO
[09:59:11] [Server thread/INFO]: [ChunkTaskScheduler] Chunk system is using 1 I/O threads, 3 worker threads, and population gen parallelism of 3 threads
[09:59:12] [Server thread/INFO]: Default game type: SURVIVAL
[09:59:12] [Server thread/INFO]: Generating keypair
[09:59:12] [Server thread/INFO]: Starting Minecraft server on *:25001
[09:59:12] [Server thread/INFO]: Using epoll channel type
[09:59:12] [Server thread/INFO]: Paper: Using libdeflate (Linux x86_64) compression from Velocity.
[09:59:12] [Server thread/INFO]: Paper: Using OpenSSL 3.x.x (Linux x86_64) cipher from Velocity.
[09:59:13] [Server thread/INFO]: [ViaVersion] Loading server plugin ViaVersion v5.4.0
[09:59:13] [Server thread/INFO]: [ViaVersion] ViaVersion 5.4.0 is now loaded. Registering protocol transformers and injecting...
[09:59:14] [Via-Mappingloader-0/INFO]: [ViaVersion] Loading block connection mappings ...
[09:59:14] [Via-Mappingloader-0/INFO]: [ViaVersion] Using FastUtil Long2ObjectOpenHashMap for block connections
[09:59:14] [Server thread/INFO]: [LuckPerms] Loading server plugin LuckPerms v5.5.9
[09:59:15] [Server thread/INFO]: [LuckPerms] Loading configuration...
[09:59:15] [Server thread/INFO]: [Vault] Loading server plugin Vault v1.7.3-b131
[09:59:15] [Server thread/INFO]: [Essentials] Loading server plugin Essentials v2.21.1
[09:59:15] [Server thread/INFO]: [EssentialsChat] Loading server plugin EssentialsChat v2.21.1
[09:59:15] [Server thread/INFO]: [TAB] Loading server plugin TAB v5.2.4
[09:59:15] [Server thread/INFO]: [EssentialsSpawn] Loading server plugin EssentialsSpawn v2.21.1
[09:59:15] [Server thread/INFO]: [EssentialsDiscord] Loading server plugin EssentialsDiscord v2.21.1
[09:59:15] [Server thread/INFO]: Server permissions file permissions.yml is empty, ignoring it
[09:59:15] [Server thread/INFO]: [LuckPerms] Enabling LuckPerms v5.5.9
[09:59:15] [Server thread/INFO]:         __    
[09:59:15] [Server thread/INFO]:   |    |__)   LuckPerms v5.5.9
[09:59:15] [Server thread/INFO]:   |___ |      Running on Bukkit - Paper
[09:59:15] [Server thread/INFO]: 
[09:59:16] [Server thread/INFO]: [LuckPerms] Loading storage provider... [H2]
[09:59:16] [Server thread/INFO]: [LuckPerms] Loading internal permission managers...
[09:59:16] [Server thread/INFO]: [LuckPerms] Performing initial data load...
[09:59:16] [Server thread/INFO]: [LuckPerms] Successfully enabled. (took 1283ms)
[09:59:16] [Server thread/INFO]: [Vault] Enabling Vault v1.7.3-b131
[09:59:16] [Server thread/INFO]: [Vault] [Economy] Essentials Economy found: Waiting
[09:59:16] [Server thread/INFO]: [Vault] [Permission] SuperPermissions loaded as backup permission system.
[09:59:16] [Server thread/INFO]: [Vault] Enabled Version 1.7.3-b131
[09:59:16] [Server thread/INFO]: [LuckPerms] Registered Vault permission & chat hook.
[09:59:16] [Server thread/WARN]: **** SERVER IS RUNNING IN OFFLINE/INSECURE MODE!
[09:59:16] [Server thread/WARN]: The server will make no attempt to authenticate usernames. Beware.
[09:59:16] [Server thread/WARN]: Whilst this makes it possible to use Velocity, unless access to your server is properly restricted, it also opens up the ability for hackers to connect with any username they choose.
[09:59:16] [Server thread/WARN]: Please see https://docs.papermc.io/velocity/security for further information.
[09:59:16] [Server thread/WARN]: To change this, set "online-mode" to "true" in the server.properties file.
[09:59:16] [Server thread/INFO]: Preparing level "world"
[09:59:17] [Server thread/INFO]: Preparing start region for dimension minecraft:overworld
[09:59:18] [Server thread/INFO]: Time elapsed: 1349 ms
[09:59:18] [Server thread/INFO]: Preparing start region for dimension minecraft:the_nether
[09:59:18] [Server thread/INFO]: Time elapsed: 106 ms
[09:59:19] [Server thread/INFO]: Preparing start region for dimension minecraft:the_end
[09:59:19] [Server thread/INFO]: Time elapsed: 99 ms
[09:59:19] [Server thread/INFO]: [ViaVersion] Enabling ViaVersion v5.4.0
[09:59:19] [Server thread/INFO]: [ViaVersion] ViaVersion detected server version: 1.21-1.21.1 (767)
[09:59:19] [Server thread/INFO]: [Essentials] Enabling Essentials v2.21.1
[09:59:19] [Server thread/ERROR]: [Essentials] You are running an unsupported server version!
[09:59:20] [Server thread/INFO]: [Essentials] Attempting to convert old kits in config.yml to new kits.yml
[09:59:20] [Server thread/INFO]: [Essentials] No kits found to migrate.
[09:59:20] [Server thread/INFO]: [Essentials] Selected 1.20.6+ Potion Meta Provider as the provider for PotionMetaProvider
[09:59:20] [Server thread/INFO]: [Essentials] Selected Reflection Online Mode Provider as the provider for OnlineModeProvider
[09:59:20] [Server thread/INFO]: [Essentials] Selected 1.17.1+ World Info Provider as the provider for WorldInfoProvider
[09:59:20] [Server thread/INFO]: [Essentials] Selected Paper Material Tag Provider as the provider for MaterialTagProvider
[09:59:20] [Server thread/INFO]: [Essentials] Selected Paper Server State Provider as the provider for ServerStateProvider
[09:59:20] [Server thread/INFO]: [Essentials] Selected 1.12+ Spawner Block Provider as the provider for SpawnerBlockProvider
[09:59:20] [Server thread/INFO]: [Essentials] Selected Paper Biome Key Provider as the provider for BiomeKeyProvider
[09:59:20] [Server thread/INFO]: [Essentials] Selected Paper Container Provider as the provider for ContainerProvider
[09:59:20] [Server thread/INFO]: [Essentials] Selected 1.14.4+ Persistent Data Container Provider as the provider for PersistentDataProvider
[09:59:20] [Server thread/INFO]: [Essentials] Selected Paper Known Commands Provider as the provider for KnownCommandsProvider
[09:59:20] [Server thread/INFO]: [Essentials] Selected 1.20.4+ Damage Event Provider as the provider for DamageEventProvider
[09:59:20] [Server thread/INFO]: [Essentials] Selected Paper Tick Count Provider as the provider for TickCountProvider
[09:59:20] [Server thread/INFO]: [Essentials] Selected Reflection Sync Commands Provider as the provider for SyncCommandsProvider
[09:59:20] [Server thread/INFO]: [Essentials] Selected 1.8.3+ Spawner Item Provider as the provider for SpawnerItemProvider
[09:59:20] [Server thread/INFO]: [Essentials] Selected 1.14+ Sign Data Provider as the provider for SignDataProvider
[09:59:20] [Server thread/INFO]: [Essentials] Selected 1.13+ Spawn Egg Provider as the provider for SpawnEggProvider
[09:59:20] [Server thread/INFO]: [Essentials] Selected 1.20.5+ Banner Data Provider as the provider for BannerDataProvider
[09:59:20] [Server thread/INFO]: [Essentials] Selected 1.21+ InventoryView Interface ABI Provider as the provider for InventoryViewProvider
[09:59:20] [Server thread/INFO]: [Essentials] Selected Reflection Formatted Command Alias Provider as the provider for FormattedCommandAliasProvider
[09:59:20] [Server thread/INFO]: [Essentials] Selected Paper Serialization Provider as the provider for SerializationProvider
[09:59:20] [Server thread/INFO]: [Essentials] Selected 1.12.2+ Player Locale Provider as the provider for PlayerLocaleProvider
[09:59:20] [Server thread/INFO]: [Essentials] Selected 1.11+ Item Unbreakable Provider as the provider for ItemUnbreakableProvider
[09:59:20] [Server thread/INFO]: [Essentials] Loaded 43517 items from items.json.
[09:59:20] [Server thread/INFO]: [Essentials] Using locale en_US
[09:59:20] [Server thread/INFO]: [Essentials] ServerListPingEvent: Spigot iterator API
[09:59:21] [Server thread/INFO]: [Essentials] Starting Metrics. Opt-out using the global bStats config.
[09:59:21] [Server thread/INFO]: [Vault] [Economy] Essentials Economy hooked.
[09:59:21] [Server thread/INFO]: [Essentials] Using Vault based permissions (LuckPerms)
[09:59:21] [Server thread/INFO]: [EssentialsChat] Enabling EssentialsChat v2.21.1
[09:59:21] [Server thread/INFO]: [EssentialsChat] Starting Metrics. Opt-out using the global bStats config.
[09:59:21] [Server thread/INFO]: [TAB] Enabling TAB v5.2.4
[09:59:21] [Server thread/INFO]: [TAB] Enabled in 456ms
[09:59:21] [Server thread/INFO]: [EssentialsSpawn] Enabling EssentialsSpawn v2.21.1
[09:59:21] [Server thread/INFO]: [EssentialsSpawn] Starting Metrics. Opt-out using the global bStats config.
[09:59:21] [Server thread/INFO]: [EssentialsDiscord] Enabling EssentialsDiscord v2.21.1
[09:59:22] [Server thread/INFO]: [EssentialsDiscord] Starting Metrics. Opt-out using the global bStats config.
[09:59:22] [Server thread/INFO]: [EssentialsDiscord] Attempting to login to Discord...
[09:59:22] [Server thread/ERROR]: [EssentialsDiscord] An error occurred while logging into Discord, which has caused the plugin to disable itself: 
No token provided! Please follow the tutorial in the config in order to setup the plugin.
[09:59:22] [Server thread/INFO]: [spark] Starting background profiler...
[09:59:22] [Server thread/INFO]: Done preparing level "world" (5.760s)
[09:59:22] [Server thread/INFO]: Starting remote control listener
[09:59:22] [Server thread/INFO]: Thread RCON Listener started
[09:59:22] [Server thread/INFO]: RCON running on 0.0.0.0:25051
[09:59:22] [Server thread/INFO]: Running delayed init tasks
[09:59:22] [Server thread/INFO]: [Essentials] Essentials found a compatible payment resolution method: Vault Compatibility Layer (v1.7.3-b131)!
[09:59:22] [Craft Scheduler Thread - 2 - ViaVersion/INFO]: [ViaVersion] Finished mapping loading, shutting down loader executor.
[09:59:22] [Server thread/INFO]: Done (20.044s)! For help, type "help"
[09:59:22] [Craft Scheduler Thread - 1 - Essentials/INFO]: [Essentials] Fetching version information...
[09:59:22] [Server thread/INFO]: Timings Reset
[09:59:22] [Craft Scheduler Thread - 7 - Vault/INFO]: [Vault] Checking for Updates ... 
[09:59:22] [Craft Scheduler Thread - 7 - Vault/INFO]: [Vault] No new version available
[09:59:22] [Server thread/WARN]: [ViaVersion] There is a newer plugin version available: 5.4.1, you're on: 5.4.0
[10:01:46] [User Authenticator #0/INFO]: UUID of player ImHackerGod is 906f11b3-b07c-3aec-9632-a5051d75f697
[10:01:47] [Server thread/INFO]: ImHackerGod[/192.168.65.1:43684] logged in with entity id 92 at ([world]-15.691115077665561, 76.52205246964559, 10.300000011920929)
[10:01:47] [Server thread/INFO]: [Admin] [Admin] ImHackerGod >> Joined the game
[10:01:54] [Async Chat Thread - #1/INFO]: [Not Secure] [Admin]  [Admin] ImHackerGod >> NIGGER
[10:03:10] [Server thread/INFO]: ImHackerGod issued server command: /essentials reload
[10:03:10] [Server thread/INFO]: [Essentials] Loaded 43520 items from items.json.
[10:03:10] [Server thread/WARN]: [EssentialsDiscord] Tried to reload EssentialsX Discord config while the plugin is in an invalid state! If you've modified your config, restart your server.
[10:03:10] [Server thread/INFO]: [Essentials] Using locale en_US
[10:03:10] [Server thread/INFO]: [Essentials] ServerListPingEvent: Spigot iterator API
[10:06:04] [Async Chat Thread - #2/INFO]: [Not Secure] [Admin]  ImHackerGod >> clear
[10:06:40] [Server thread/INFO]: ImHackerGod issued server command: /luckperms editor
[10:10:14] [Server thread/INFO]: ImHackerGod issued server command: /luckperms applyedits aeGM681U21
[10:10:14] [luckperms-command-executor/INFO]: [LP] LOG > (ImHackerGod) [G] (admin)
[10:10:14] [luckperms-command-executor/INFO]: [LP] LOG > webeditor add prefix.100.&7[&4Admin&7]&7 true
[10:10:14] [luckperms-command-executor/INFO]: [LP] LOG > (ImHackerGod) [G] (admin)
[10:10:14] [luckperms-command-executor/INFO]: [LP] LOG > webeditor add weight.100 true
[10:10:14] [luckperms-command-executor/INFO]: [LP] LOG > (ImHackerGod) [G] (admin)
[10:10:14] [luckperms-command-executor/INFO]: [LP] LOG > webeditor remove prefix.100.&7[&4Admin&7] &7 true
[10:10:14] [luckperms-command-executor/INFO]: [LP] LOG > (ImHackerGod) [G] (admin)
[10:10:14] [luckperms-command-executor/INFO]: [LP] LOG > webeditor remove weight.1 true
[10:10:19] [Server thread/INFO]: ImHackerGod issued server command: /clear
[10:10:33] [Server thread/INFO]: ImHackerGod issued server command: /luckperms applyedits xVfYcJyCvo
[10:10:36] [Server thread/INFO]: ImHackerGod issued server command: /luckperms applyedits xVfYcJyCvo --force
[10:23:41] [Server thread/INFO]: ImHackerGod issued server command: /tab reload
[10:23:41] [Server thread/INFO]: [TAB] Disabled in 4ms
[10:23:41] [Server thread/INFO]: [TAB] Enabled in 57ms
[10:24:14] [Server thread/INFO]: ImHackerGod issued server command: /luckperms user ImHackerGod parent remove admin
[10:24:14] [luckperms-command-executor/INFO]: [LP] LOG > (ImHackerGod) [U] (imhackergod)
[10:24:14] [luckperms-command-executor/INFO]: [LP] LOG > parent remove admin
[10:24:40] [Server thread/INFO]: ImHackerGod issued server command: /tab reload
[10:24:40] [Server thread/INFO]: [TAB] Disabled in 3ms
[10:24:40] [Server thread/INFO]: [TAB] Enabled in 27ms
[10:24:50] [Server thread/INFO]: ImHackerGod issued server command: /luckperms user ImHackerGod parent add admin
[10:24:50] [luckperms-command-executor/INFO]: [LP] LOG > (ImHackerGod) [U] (imhackergod)
[10:24:50] [luckperms-command-executor/INFO]: [LP] LOG > parent add admin
[10:25:34] [Server thread/INFO]: ImHackerGod issued server command: /tab reload
[10:25:34] [Server thread/INFO]: [TAB] Disabled in 2ms
[10:25:34] [Server thread/INFO]: [TAB] Enabled in 37ms
[10:28:02] [Server thread/INFO]: ImHackerGod issued server command: /tab reload
[10:28:02] [Server thread/INFO]: [TAB] Disabled in 2ms
[10:28:02] [Server thread/INFO]: [TAB] Enabled in 25ms
[10:28:08] [Async Chat Thread - #4/INFO]: [Not Secure] [Admin] ImHackerGod >> Hello
[10:28:26] [Server thread/INFO]: ImHackerGod issued server command: /luckperms applyedits Y0zH3GOFvZ
[10:28:30] [Async Chat Thread - #4/INFO]: [Not Secure] [Admin] ImHackerGod >> llo
[10:28:34] [Server thread/INFO]: ImHackerGod issued server command: /luckperms applyedits Y0zH3GOFvZ --force
[10:28:34] [luckperms-command-executor/INFO]: [LP] LOG > (ImHackerGod) [G] (admin)
[10:28:34] [luckperms-command-executor/INFO]: [LP] LOG > webeditor add prefix.100.&7[&4&lAdmin&7]&7 true
[10:28:34] [luckperms-command-executor/INFO]: [LP] LOG > (ImHackerGod) [G] (admin)
[10:28:34] [luckperms-command-executor/INFO]: [LP] LOG > webeditor remove prefix.100.&7[&4Admin&7]&7 true
[10:28:37] [Async Chat Thread - #4/INFO]: [Not Secure] [Admin] ImHackerGod >> llo
[10:28:53] [Server thread/INFO]: ImHackerGod lost connection: Disconnected
[10:28:53] [Server thread/INFO]: ImHackerGod left the game
